Using pre-set license
Built from '2020.3/staging' branch; Version is '2020.3.37f1 (8c66806a0c04) revision 9201280'; Using compiler version '192528614'; Build Type 'Release'
OS: 'Windows 11  (10.0.22621) 64bit Core' Language: 'es' Physical Memory: 16080 MB
BatchMode: 1, IsHumanControllingUs: 0, StartBugReporterOnCrash: 0, Is64bit: 1, IsPro: 0

COMMAND LINE ARGUMENTS:
C:\Program Files\Unity\Hub\Editor\2020.3.37f1\Editor\Unity.exe
-adb2
-batchMode
-noUpm
-name
AssetImportWorker0
-projectPath
C:/Users/joser/Desktop/ING.INFO/CUARTO/RAA/TrabajoGrupo/D-Keys/D-Keys
-logFile
Logs/AssetImportWorker0.log
-srvPort
62764
Successfully changed project path to: C:/Users/joser/Desktop/ING.INFO/CUARTO/RAA/TrabajoGrupo/D-Keys/D-Keys
C:/Users/joser/Desktop/ING.INFO/CUARTO/RAA/TrabajoGrupo/D-Keys/D-Keys
Using Asset Import Pipeline V2.
Refreshing native plugins compatible for Editor in 52.03 ms, found 7 plugins.
Preloading 0 native plugins for Editor in 0.00 ms.
Initialize engine version: 2020.3.37f1 (8c66806a0c04)
[Subsystems] Discovering subsystems at path C:/Program Files/Unity/Hub/Editor/2020.3.37f1/Editor/Data/Resources/UnitySubsystems
[Subsystems] Discovering subsystems at path C:/Users/joser/Desktop/ING.INFO/CUARTO/RAA/TrabajoGrupo/D-Keys/D-Keys/Assets
GfxDevice: creating device client; threaded=0
Direct3D:
    Version:  Direct3D 11.0 [level 11.1]
    Renderer: Intel(R) Iris(R) Xe Graphics (ID=0x9a49)
    Vendor:   
    VRAM:     8040 MB
    Driver:   30.0.101.1003
Initialize mono
Mono path[0] = 'C:/Program Files/Unity/Hub/Editor/2020.3.37f1/Editor/Data/Managed'
Mono path[1] = 'C:/Program Files/Unity/Hub/Editor/2020.3.37f1/Editor/Data/MonoBleedingEdge/lib/mono/unityjit'
Mono config path = 'C:/Program Files/Unity/Hub/Editor/2020.3.37f1/Editor/Data/MonoBleedingEdge/etc'
Using monoOptions --debugger-agent=transport=dt_socket,embedding=1,server=y,suspend=n,address=127.0.0.1:56308
Begin MonoManager ReloadAssembly
Registering precompiled unity dll's ...
Register platform support module: C:/Program Files/Unity/Hub/Editor/2020.3.37f1/Editor/Data/PlaybackEngines/WindowsStandaloneSupport/UnityEditor.WindowsStandalone.Extensions.dll
Registered in 0.001749 seconds.
Native extension for WindowsStandalone target not found
Refreshing native plugins compatible for Editor in 44.90 ms, found 7 plugins.
Preloading 0 native plugins for Editor in 0.00 ms.
Mono: successfully reloaded assembly
- Completed reload, in  0.627 seconds
Domain Reload Profiling:
	ReloadAssembly (627ms)
		BeginReloadAssembly (66ms)
			ExecutionOrderSort (0ms)
			DisableScriptedObjects (0ms)
			BackupInstance (0ms)
			ReleaseScriptingObjects (0ms)
			CreateAndSetChildDomain (1ms)
		EndReloadAssembly (494ms)
			LoadAssemblies (64ms)
			RebuildTransferFunctionScriptingTraits (0ms)
			SetupTypeCache (153ms)
			ReleaseScriptCaches (0ms)
			RebuildScriptCaches (40ms)
			SetupLoadedEditorAssemblies (196ms)
				LogAssemblyErrors (0ms)
				InitializePlatformSupportModulesInManaged (5ms)
				SetLoadedEditorAssemblies (1ms)
				RefreshPlugins (45ms)
				BeforeProcessingInitializeOnLoad (15ms)
				ProcessInitializeOnLoadAttributes (96ms)
				ProcessInitializeOnLoadMethodAttributes (34ms)
				AfterProcessingInitializeOnLoad (0ms)
				EditorAssembliesLoaded (0ms)
			ExecutionOrderSort2 (0ms)
			AwakeInstancesAfterBackupRestoration (0ms)
Platform modules already initialized, skipping
Registering precompiled user dll's ...
Registered in 0.004989 seconds.
Begin MonoManager ReloadAssembly
Native extension for WindowsStandalone target not found
Refreshing native plugins compatible for Editor in 0.59 ms, found 7 plugins.
Preloading 0 native plugins for Editor in 0.00 ms.
Mono: successfully reloaded assembly
- Completed reload, in  1.093 seconds
Domain Reload Profiling:
	ReloadAssembly (1094ms)
		BeginReloadAssembly (150ms)
			ExecutionOrderSort (0ms)
			DisableScriptedObjects (4ms)
			BackupInstance (0ms)
			ReleaseScriptingObjects (0ms)
			CreateAndSetChildDomain (19ms)
		EndReloadAssembly (879ms)
			LoadAssemblies (118ms)
			RebuildTransferFunctionScriptingTraits (0ms)
			SetupTypeCache (296ms)
			ReleaseScriptCaches (0ms)
			RebuildScriptCaches (49ms)
			SetupLoadedEditorAssemblies (323ms)
				LogAssemblyErrors (0ms)
				InitializePlatformSupportModulesInManaged (4ms)
				SetLoadedEditorAssemblies (0ms)
				RefreshPlugins (1ms)
				BeforeProcessingInitializeOnLoad (98ms)
				ProcessInitializeOnLoadAttributes (200ms)
				ProcessInitializeOnLoadMethodAttributes (13ms)
				AfterProcessingInitializeOnLoad (7ms)
				EditorAssembliesLoaded (0ms)
			ExecutionOrderSort2 (0ms)
			AwakeInstancesAfterBackupRestoration (3ms)
Platform modules already initialized, skipping
========================================================================
Worker process is ready to serve import requests
Launched and connected shader compiler UnityShaderCompiler.exe after 0.05 seconds
Refreshing native plugins compatible for Editor in 0.55 ms, found 7 plugins.
Preloading 0 native plugins for Editor in 0.00 ms.
Unloading 1759 Unused Serialized files (Serialized files now loaded: 0)
System memory in use before: 102.9 MB.
System memory in use after: 102.9 MB.

Unloading 34 unused Assets to reduce memory usage. Loaded Objects now: 2210.
Total: 2.968000 ms (FindLiveObjects: 0.124000 ms CreateObjectMapping: 0.043600 ms MarkObjects: 2.652400 ms  DeleteObjects: 0.146400 ms)

AssetImportParameters requested are different than current active one (requested -> active):
  custom:framework-win-MediaFoundation: 216162199b28c13a410421893ffa2e32 -> 
  custom:video-decoder-ogg-theora: a1e56fd34408186e4bbccfd4996cb3dc -> 
  custom:container-muxer-webm: aa71ff27fc2769a1b78a27578f13a17b -> 
  custom:container-demuxer-webm: 4f35f7cbe854078d1ac9338744f61a02 -> 
  custom:container-demuxer-ogg: 62fdf1f143b41e24485cea50d1cbac27 -> 
  custom:video-encoder-webm-vp8: eb34c28f22e8b96e1ab97ce403110664 -> 
  custom:video-decoder-webm-vp8: 9c59270c3fd7afecdb556c50c9e8de78 -> 
  custom:audio-decoder-ogg-vorbis: bf7c407c2cedff20999df2af8eb42d56 -> 
  custom:audio-encoder-webm-vorbis: bf7c407c2cedff20999df2af8eb42d56 -> 
========================================================================
Received Import Request.
  path: Assets/Nokobot/EgyptianTomb_CatStatue/04_Textures/Statue_Pedestal_MetallicSmoothness.png
  artifactKey: Guid(7b6e8d27baee26143aea01464361a6d6) Importer(815301076,1909f56bfc062723c751e8b465ee728b)
Start importing Assets/Nokobot/EgyptianTomb_CatStatue/04_Textures/Statue_Pedestal_MetallicSmoothness.png using Guid(7b6e8d27baee26143aea01464361a6d6) Importer(815301076,1909f56bfc062723c751e8b465ee728b)  -> (artifact id: 'c4f3febcc19ad2bf5eb211affb075b3b') in 0.159072 seconds 
========================================================================
Received Import Request.
  Time since last request: 0.000351 seconds.
  path: Assets/Nokobot/EgyptianTomb_CatStatue/04_Textures/Statue_Pedestal_AlbedoTransparency.png
  artifactKey: Guid(4fe91dbfdf6b0b245b74f90fd3717560) Importer(815301076,1909f56bfc062723c751e8b465ee728b)
Start importing Assets/Nokobot/EgyptianTomb_CatStatue/04_Textures/Statue_Pedestal_AlbedoTransparency.png using Guid(4fe91dbfdf6b0b245b74f90fd3717560) Importer(815301076,1909f56bfc062723c751e8b465ee728b)  -> (artifact id: '1d4dda93fc0adb514caef7b95202c2de') in 0.069460 seconds 
========================================================================
Received Import Request.
  Time since last request: 0.000299 seconds.
  path: Assets/Nokobot/EgyptianTomb_CatStatue/04_Textures/Statue_Pedestal_Normal.png
  artifactKey: Guid(14b810d992f44644daf34a26dffd1a77) Importer(815301076,1909f56bfc062723c751e8b465ee728b)
Start importing Assets/Nokobot/EgyptianTomb_CatStatue/04_Textures/Statue_Pedestal_Normal.png using Guid(14b810d992f44644daf34a26dffd1a77) Importer(815301076,1909f56bfc062723c751e8b465ee728b)  -> (artifact id: '5a680d503cdf2c82377bf5fc11edefa5') in 0.072963 seconds 
========================================================================
Received Import Request.
  Time since last request: 0.000287 seconds.
  path: Assets/Nokobot/EgyptianTomb_CatStatue/03_Materials/Statue_Pedestal.mat
  artifactKey: Guid(47d2f0f5e6b62dc478f754809aeb33b4) Importer(815301076,1909f56bfc062723c751e8b465ee728b)
Start importing Assets/Nokobot/EgyptianTomb_CatStatue/03_Materials/Statue_Pedestal.mat using Guid(47d2f0f5e6b62dc478f754809aeb33b4) Importer(815301076,1909f56bfc062723c751e8b465ee728b)  -> (artifact id: '71b680c47d6f93a42b2425744ae3f0e7') in 0.296291 seconds 
========================================================================
Received Import Request.
  Time since last request: 0.000368 seconds.
  path: Assets/Nokobot/EgyptianTomb_CatStatue/01_Prefabs/Statue_Pedestal.prefab
  artifactKey: Guid(22d5920762e594f4e9de30162a07c2af) Importer(815301076,1909f56bfc062723c751e8b465ee728b)
Start importing Assets/Nokobot/EgyptianTomb_CatStatue/01_Prefabs/Statue_Pedestal.prefab using Guid(22d5920762e594f4e9de30162a07c2af) Importer(815301076,1909f56bfc062723c751e8b465ee728b)  -> (artifact id: '5f414ba58d9d1071a94c9c3c4739db07') in 0.214690 seconds 
========================================================================
Received Import Request.
  Time since last request: 7.218863 seconds.
  path: Assets/GoogleVR/Prefabs/Keyboard/GvrKeyboardCanvas.prefab
  artifactKey: Guid(f4cf01cab04054926935acc7cb25b7f5) Importer(815301076,1909f56bfc062723c751e8b465ee728b)
Start importing Assets/GoogleVR/Prefabs/Keyboard/GvrKeyboardCanvas.prefab using Guid(f4cf01cab04054926935acc7cb25b7f5) Importer(815301076,1909f56bfc062723c751e8b465ee728b)  -> (artifact id: 'ff509924fecd417153333a559a1a3896') in 0.039459 seconds 
========================================================================
Received Import Request.
  Time since last request: 0.000364 seconds.
  path: Assets/GoogleVR/Prefabs/Keyboard/GvrKeyboardManager.prefab
  artifactKey: Guid(6c99596fcbe574b168ae0faa3afe8546) Importer(815301076,1909f56bfc062723c751e8b465ee728b)
Start importing Assets/GoogleVR/Prefabs/Keyboard/GvrKeyboardManager.prefab using Guid(6c99596fcbe574b168ae0faa3afe8546) Importer(815301076,1909f56bfc062723c751e8b465ee728b)  -> (artifact id: '5d9c471c234729aa9c463a2ba1a151f1') in 0.016096 seconds 
========================================================================
Received Import Request.
  Time since last request: 0.000282 seconds.
  path: Assets/InstantZoomies/HorrorStarterPackFREE/Meshes/Key.fbx
  artifactKey: Guid(6f861a5f3e542c94a80038eab2cb83d1) Importer(815301076,1909f56bfc062723c751e8b465ee728b)
Start importing Assets/InstantZoomies/HorrorStarterPackFREE/Meshes/Key.fbx using Guid(6f861a5f3e542c94a80038eab2cb83d1) Importer(815301076,1909f56bfc062723c751e8b465ee728b)  -> (artifact id: '25433a9aa6e0f68a4e38250f24dba7cd') in 0.063159 seconds 
========================================================================
Received Import Request.
  Time since last request: 0.000280 seconds.
  path: Assets/Models/Key/Models/Key_gold_mat.mat
  artifactKey: Guid(ed8f9be796d22ce41a61877771323fc8) Importer(815301076,1909f56bfc062723c751e8b465ee728b)
Start importing Assets/Models/Key/Models/Key_gold_mat.mat using Guid(ed8f9be796d22ce41a61877771323fc8) Importer(815301076,1909f56bfc062723c751e8b465ee728b)  -> (artifact id: 'cc049ca18c923ee45a23e2bb858bff68') in 0.083195 seconds 
========================================================================
Received Import Request.
  Time since last request: 0.000312 seconds.
  path: Assets/Models/Key/Prefabs/key_gold.prefab
  artifactKey: Guid(cc5de5e674870ca479a40105f80555ad) Importer(815301076,1909f56bfc062723c751e8b465ee728b)
Start importing Assets/Models/Key/Prefabs/key_gold.prefab using Guid(cc5de5e674870ca479a40105f80555ad) Importer(815301076,1909f56bfc062723c751e8b465ee728b)  -> (artifact id: 'a20f8712814a43c74187ed187a6ec090') in 0.037051 seconds 
========================================================================
Received Import Request.
  Time since last request: 0.000309 seconds.
  path: Assets/InstantZoomies/HorrorStarterPackFREE/Materials/Key.mat
  artifactKey: Guid(39d51b5a16ce53748abdfa95d0385b7c) Importer(815301076,1909f56bfc062723c751e8b465ee728b)
Start importing Assets/InstantZoomies/HorrorStarterPackFREE/Materials/Key.mat using Guid(39d51b5a16ce53748abdfa95d0385b7c) Importer(815301076,1909f56bfc062723c751e8b465ee728b)  -> (artifact id: 'e299ef1cda16329261aa931f0e91ad4f') in 0.171971 seconds 
========================================================================
Received Import Request.
  Time since last request: 0.000391 seconds.
  path: Assets/Models/Key/Models/Key_iron_mat.mat
  artifactKey: Guid(0275cd71d48a28e4ca8d99d740827a3f) Importer(815301076,1909f56bfc062723c751e8b465ee728b)
Start importing Assets/Models/Key/Models/Key_iron_mat.mat using Guid(0275cd71d48a28e4ca8d99d740827a3f) Importer(815301076,1909f56bfc062723c751e8b465ee728b)  -> (artifact id: '31ddc9fc154ae375de3d49e10f5d0690') in 0.050356 seconds 
========================================================================
Received Import Request.
  Time since last request: 0.000348 seconds.
  path: Assets/Models/Key/Models/Textures/KeyG.tga
  artifactKey: Guid(b31ffa1c3278e6b4b81cd4c9e21dd0ff) Importer(815301076,1909f56bfc062723c751e8b465ee728b)
Start importing Assets/Models/Key/Models/Textures/KeyG.tga using Guid(b31ffa1c3278e6b4b81cd4c9e21dd0ff) Importer(815301076,1909f56bfc062723c751e8b465ee728b)  -> (artifact id: 'f4fa6c24c533d2a4ba22ef93d6b06390') in 0.042715 seconds 
========================================================================
Received Import Request.
  Time since last request: 0.000276 seconds.
  path: Assets/Models/Key/Prefabs/key_silver.prefab
  artifactKey: Guid(41d1cac196452694fb10f2476db79e6e) Importer(815301076,1909f56bfc062723c751e8b465ee728b)
Start importing Assets/Models/Key/Prefabs/key_silver.prefab using Guid(41d1cac196452694fb10f2476db79e6e) Importer(815301076,1909f56bfc062723c751e8b465ee728b)  -> (artifact id: 'b9772cd0bd3297699590e87862eb263a') in 0.043959 seconds 
========================================================================
Received Import Request.
  Time since last request: 0.000301 seconds.
  path: Assets/InstantZoomies/HorrorStarterPackFREE/Prefabs/Key.prefab
  artifactKey: Guid(1436513f7b239264f9d74995c0c0b042) Importer(815301076,1909f56bfc062723c751e8b465ee728b)
Start importing Assets/InstantZoomies/HorrorStarterPackFREE/Prefabs/Key.prefab using Guid(1436513f7b239264f9d74995c0c0b042) Importer(815301076,1909f56bfc062723c751e8b465ee728b)  -> (artifact id: 'bb709cb6e34aaf60f9593e3983c6b4b2') in 0.163537 seconds 
========================================================================
Received Import Request.
  Time since last request: 0.000539 seconds.
  path: Assets/Models/Key/Models/Textures/keyG_specular.tga
  artifactKey: Guid(cdd1bf5b6e9fee045b6ab7ffc3be0819) Importer(815301076,1909f56bfc062723c751e8b465ee728b)
Start importing Assets/Models/Key/Models/Textures/keyG_specular.tga using Guid(cdd1bf5b6e9fee045b6ab7ffc3be0819) Importer(815301076,1909f56bfc062723c751e8b465ee728b)  -> (artifact id: 'eb06aa492de87a61362246d38eb26a3e') in 0.049981 seconds 
========================================================================
Received Prepare
Registering precompiled user dll's ...
Registered in 0.005251 seconds.
Begin MonoManager ReloadAssembly
Native extension for WindowsStandalone target not found
Refreshing native plugins compatible for Editor in 0.56 ms, found 7 plugins.
Preloading 0 native plugins for Editor in 0.00 ms.
Mono: successfully reloaded assembly
- Completed reload, in  1.030 seconds
Domain Reload Profiling:
	ReloadAssembly (1031ms)
		BeginReloadAssembly (118ms)
			ExecutionOrderSort (0ms)
			DisableScriptedObjects (4ms)
			BackupInstance (0ms)
			ReleaseScriptingObjects (0ms)
			CreateAndSetChildDomain (34ms)
		EndReloadAssembly (853ms)
			LoadAssemblies (95ms)
			RebuildTransferFunctionScriptingTraits (0ms)
			SetupTypeCache (259ms)
			ReleaseScriptCaches (1ms)
			RebuildScriptCaches (53ms)
			SetupLoadedEditorAssemblies (335ms)
				LogAssemblyErrors (0ms)
				InitializePlatformSupportModulesInManaged (5ms)
				SetLoadedEditorAssemblies (0ms)
				RefreshPlugins (1ms)
				BeforeProcessingInitializeOnLoad (99ms)
				ProcessInitializeOnLoadAttributes (211ms)
				ProcessInitializeOnLoadMethodAttributes (14ms)
				AfterProcessingInitializeOnLoad (5ms)
				EditorAssembliesLoaded (0ms)
			ExecutionOrderSort2 (0ms)
			AwakeInstancesAfterBackupRestoration (2ms)
Platform modules already initialized, skipping
Switching build target platform(19) subTarget(0) extendedPlatform(0) -> platform(13) subTarget(524288) extendedPlatform(0)
Refreshing native plugins compatible for Editor in 0.59 ms, found 7 plugins.
Preloading 0 native plugins for Editor in 0.00 ms.
Unloading 1738 Unused Serialized files (Serialized files now loaded: 0)
System memory in use before: 103.8 MB.
System memory in use after: 103.9 MB.

Unloading 29 unused Assets to reduce memory usage. Loaded Objects now: 2260.
Total: 2.864800 ms (FindLiveObjects: 0.137000 ms CreateObjectMapping: 0.042800 ms MarkObjects: 2.618800 ms  DeleteObjects: 0.064700 ms)

AssetImportParameters requested are different than current active one (requested -> active):
  custom:framework-win-MediaFoundation: 216162199b28c13a410421893ffa2e32 -> 
  custom:video-decoder-ogg-theora: a1e56fd34408186e4bbccfd4996cb3dc -> 
  custom:container-muxer-webm: aa71ff27fc2769a1b78a27578f13a17b -> 
  custom:container-demuxer-webm: 4f35f7cbe854078d1ac9338744f61a02 -> 
  custom:container-demuxer-ogg: 62fdf1f143b41e24485cea50d1cbac27 -> 
  custom:video-encoder-webm-vp8: eb34c28f22e8b96e1ab97ce403110664 -> 
  custom:video-decoder-webm-vp8: 9c59270c3fd7afecdb556c50c9e8de78 -> 
  custom:graphics/normal-map-encoding: 01000000000000000000000000000000 -> 02000000000000000000000000000000
  custom:audio-decoder-ogg-vorbis: bf7c407c2cedff20999df2af8eb42d56 -> 
  custom:audio-encoder-webm-vorbis: bf7c407c2cedff20999df2af8eb42d56 -> 
========================================================================
Received Import Request.
  Time since last request: 177.422064 seconds.
  path: ProjectSettings/TagManager.asset
  artifactKey: Guid(00000000000000003000000000000000) Importer(815301076,1909f56bfc062723c751e8b465ee728b)
Start importing ProjectSettings/TagManager.asset using Guid(00000000000000003000000000000000) Importer(815301076,1909f56bfc062723c751e8b465ee728b)  -> (artifact id: '8d572913c9d70aa2647b12a526f1b5e2') in 0.027495 seconds 
========================================================================
Received Prepare
Registering precompiled user dll's ...
Registered in 0.008250 seconds.
Begin MonoManager ReloadAssembly
Native extension for WindowsStandalone target not found
Refreshing native plugins compatible for Editor in 1.05 ms, found 7 plugins.
Preloading 0 native plugins for Editor in 0.00 ms.
Mono: successfully reloaded assembly
- Completed reload, in  1.589 seconds
Domain Reload Profiling:
	ReloadAssembly (1590ms)
		BeginReloadAssembly (172ms)
			ExecutionOrderSort (0ms)
			DisableScriptedObjects (8ms)
			BackupInstance (0ms)
			ReleaseScriptingObjects (0ms)
			CreateAndSetChildDomain (52ms)
		EndReloadAssembly (1326ms)
			LoadAssemblies (153ms)
			RebuildTransferFunctionScriptingTraits (0ms)
			SetupTypeCache (415ms)
			ReleaseScriptCaches (1ms)
			RebuildScriptCaches (67ms)
			SetupLoadedEditorAssemblies (486ms)
				LogAssemblyErrors (0ms)
				InitializePlatformSupportModulesInManaged (8ms)
				SetLoadedEditorAssemblies (1ms)
				RefreshPlugins (1ms)
				BeforeProcessingInitializeOnLoad (135ms)
				ProcessInitializeOnLoadAttributes (308ms)
				ProcessInitializeOnLoadMethodAttributes (23ms)
				AfterProcessingInitializeOnLoad (10ms)
				EditorAssembliesLoaded (1ms)
			ExecutionOrderSort2 (0ms)
			AwakeInstancesAfterBackupRestoration (3ms)
Platform modules already initialized, skipping
Switching build target platform(19) subTarget(0) extendedPlatform(0) -> platform(13) subTarget(524288) extendedPlatform(0)
Refreshing native plugins compatible for Editor in 0.77 ms, found 7 plugins.
Preloading 0 native plugins for Editor in 0.00 ms.
Unloading 1738 Unused Serialized files (Serialized files now loaded: 0)
System memory in use before: 103.8 MB.
System memory in use after: 103.9 MB.

Unloading 30 unused Assets to reduce memory usage. Loaded Objects now: 2264.
Total: 4.349300 ms (FindLiveObjects: 0.256900 ms CreateObjectMapping: 0.055600 ms MarkObjects: 3.955800 ms  DeleteObjects: 0.078600 ms)

AssetImportParameters requested are different than current active one (requested -> active):
  custom:framework-win-MediaFoundation: 216162199b28c13a410421893ffa2e32 -> 
  custom:video-decoder-ogg-theora: a1e56fd34408186e4bbccfd4996cb3dc -> 
  custom:container-muxer-webm: aa71ff27fc2769a1b78a27578f13a17b -> 
  custom:container-demuxer-webm: 4f35f7cbe854078d1ac9338744f61a02 -> 
  custom:container-demuxer-ogg: 62fdf1f143b41e24485cea50d1cbac27 -> 
  custom:video-encoder-webm-vp8: eb34c28f22e8b96e1ab97ce403110664 -> 
  custom:video-decoder-webm-vp8: 9c59270c3fd7afecdb556c50c9e8de78 -> 
  custom:graphics/normal-map-encoding: 01000000000000000000000000000000 -> 02000000000000000000000000000000
  custom:audio-decoder-ogg-vorbis: bf7c407c2cedff20999df2af8eb42d56 -> 
  custom:audio-encoder-webm-vorbis: bf7c407c2cedff20999df2af8eb42d56 -> 
